<?xml version="1.0" encoding="UTF-8"?>
<testng-results ignored="0" total="2" passed="2" failed="0" skipped="0">
  <reporter-output>
  </reporter-output>
  <suite started-at="2023-01-13T19:50:22 PKT" name="All Test Suite" finished-at="2023-01-13T19:50:25 PKT" duration-ms="3053">
    <groups>
    </groups>
    <test started-at="2023-01-13T19:50:22 PKT" name="/Users/apple/RestAssured" finished-at="2023-01-13T19:50:25 PKT" duration-ms="3053">
      <class name="com.tests.PostTests">
        <test-method signature="postCallTest(com.mri.excel.TestData)[pri:0, instance:com.tests.PostTests@add0edd]" started-at="2023-01-13T19:50:24 PKT" name="postCallTest" data-provider="getData" finished-at="2023-01-13T19:50:24 PKT" duration-ms="1" status="PASS">
          <params>
            <param index="0">
              <value>
                <![CDATA[TestData(testRunId=1, testCaseId=2, testCaseName=postCallTest)]]>
              </value>
            </param>
          </params>
          <reporter-output>
          </reporter-output>
        </test-method> <!-- postCallTest -->
      </class> <!-- com.tests.PostTests -->
      <class name="com.tests.GetTests">
        <test-method signature="getEmployeeDetails(com.mri.excel.TestData)[pri:0, instance:com.tests.GetTests@79ca92b9]" started-at="2023-01-13T19:50:22 PKT" name="getEmployeeDetails" data-provider="getData" finished-at="2023-01-13T19:50:22 PKT" duration-ms="10" status="PASS">
          <params>
            <param index="0">
              <value>
                <![CDATA[TestData(testRunId=1, testCaseId=1, testCaseName=getEmployeeDetails)]]>
              </value>
            </param>
          </params>
          <reporter-output>
          </reporter-output>
        </test-method> <!-- getEmployeeDetails -->
      </class> <!-- com.tests.GetTests -->
    </test> <!-- /Users/apple/RestAssured -->
  </suite> <!-- All Test Suite -->
</testng-results>
