<?xml version="1.0" encoding="UTF-8"?>
<testsuite xmlns:xsi="http://www.w3.org/2001/XMLSchema-instance" xsi:noNamespaceSchemaLocation="https://maven.apache.org/surefire/maven-surefire-plugin/xsd/surefire-test-report-3.0.xsd" version="3.0" name="TestSuite" time="4.109" tests="2" errors="0" skipped="0" failures="0">
  <properties>
[...]
</properties>
  <testcase name="getEmployeeDetails[TestData(testRunId=1, testCaseId=1, testCaseName=getEmployeeDetails)](1)" classname="com.tests.GetTests" time="1.934">
    <system-out><![CDATA[Suite Started
Reports initializing...
Reports initialized.
On Test Start Listener
Creating test and setting to threadLocal var..
in success: 1
before sending call, success: 1
add_result_for_case/1/1 {status_id=5, comment=New Comments}
]]></system-out>
    <system-err><![CDATA[SLF4J: Failed to load class "org.slf4j.impl.StaticLoggerBinder".
SLF4J: Defaulting to no-operation (NOP) logger implementation
SLF4J: See http://www.slf4j.org/codes.html#StaticLoggerBinder for further details.
ERROR StatusLogger Log4j2 could not find a logging implementation. Please add log4j-core to the classpath. Using SimpleLogger to log to the console...
]]></system-err>
  </testcase>
  <testcase name="postCallTest[TestData(testRunId=1, testCaseId=2, testCaseName=postCallTest)](1)" classname="com.tests.PostTests" time="0.587">
    <system-out><![CDATA[On Test Start Listener
Creating test and setting to threadLocal var..
in success: 2
before sending call, success: 2
add_result_for_case/1/2 {status_id=5, comment=New Comments}
]]></system-out>
  </testcase>
</testsuite>